[0mOPTIONS /api/document [32m204[0m 3.790 ms - 0[0m
[0mGET /api/document [32m200[0m 25.277 ms - 1634[0m
[0mOPTIONS /api/document [32m204[0m 0.442 ms - 0[0m
[0mGET /api/document [36m304[0m 9.940 ms - -[0m
[0mGET /api/document/thumbnail/632e3525493a0ce59fa5bc37 [32m200[0m 707.290 ms - -[0m
[0mGET /api/document/thumbnail/632e2c3faf08be6443ee2d4a [32m200[0m 684.216 ms - -[0m
[0mGET /api/document/thumbnail/632bcfb79711605d5f99c56e [32m200[0m 1530.916 ms - -[0m
[0mGET /api/document/thumbnail/632bd157887a12fec4d12498 [32m200[0m 1898.606 ms - -[0m
[0mGET /api/document/thumbnail/undefined [33m401[0m 45.601 ms - 28[0m
[0mOPTIONS /api/document/632e2c3faf08be6443ee2d4a [32m204[0m 0.418 ms - 0[0m
[0mOPTIONS /api/document [32m204[0m 1.002 ms - 0[0m
[0mOPTIONS /api/document/632e2c3faf08be6443ee2d4a [32m204[0m 0.323 ms - 0[0m
[0mOPTIONS /api/document [32m204[0m 0.379 ms - 0[0m
[0mGET /api/document [36m304[0m 38.314 ms - -[0m
[0mGET /api/document [36m304[0m 5.322 ms - -[0m
[0mGET /api/document/632e2c3faf08be6443ee2d4a [32m200[0m 887.898 ms - 489[0m
[0mGET /api/document/632e2c3faf08be6443ee2d4a [36m304[0m 14.693 ms - -[0m
[0mGET /api/document/thumbnail/632e3525493a0ce59fa5bc37 [32m200[0m 2462.724 ms - -[0m
[0mGET /api/document/thumbnail/632bcfb79711605d5f99c56e [32m200[0m 2375.617 ms - -[0m
[0mGET /api/document/thumbnail/632e2c3faf08be6443ee2d4a [32m200[0m 2173.752 ms - -[0m
[0mGET /api/document/thumbnail/632e2c3faf08be6443ee2d4a [32m200[0m 2804.865 ms - -[0m
[0mGET /api/document/thumbnail/632bd157887a12fec4d12498 [32m200[0m 2599.080 ms - -[0m
[0mOPTIONS /api/document [32m204[0m 0.307 ms - 0[0m
[0mGET /api/document [36m304[0m 9.374 ms - -[0m
[0mGET /api/document [36m304[0m 5.931 ms - -[0m
[0mGET /api/document/thumbnail/632e3525493a0ce59fa5bc37 [32m200[0m 1382.464 ms - -[0m
[0mGET /api/document/thumbnail/632bcfb79711605d5f99c56e [32m200[0m 1518.811 ms - -[0m
[0mGET /api/document/thumbnail/632e2c3faf08be6443ee2d4a [32m200[0m 1536.065 ms - -[0m
[0mGET /api/document/thumbnail/632bd157887a12fec4d12498 [32m200[0m 2670.268 ms - -[0m
[0mOPTIONS /api/document [32m204[0m 3.501 ms - 0[0m
[0mOPTIONS /api/document [32m204[0m 0.504 ms - 0[0m
[0mGET /api/document [36m304[0m 171.095 ms - -[0m
[0mGET /api/document [36m304[0m 13.797 ms - -[0m
[0mGET /api/document/thumbnail/632e2c3faf08be6443ee2d4a [32m200[0m 5616.582 ms - -[0m
[0mGET /api/document/thumbnail/632bd157887a12fec4d12498 [32m200[0m 5691.882 ms - -[0m
[0mGET /api/document/thumbnail/632bcfb79711605d5f99c56e [32m200[0m 5784.155 ms - -[0m
[0mGET /api/document/thumbnail/632e3525493a0ce59fa5bc37 [32m200[0m 5980.516 ms - -[0m
[0mOPTIONS /api/document [32m204[0m 0.564 ms - 0[0m
[0mGET /api/document [36m304[0m 13.944 ms - -[0m
[0mGET /api/document [36m304[0m 9.032 ms - -[0m
[0mOPTIONS /api/users/login [32m204[0m 0.476 ms - 0[0m
[0mPOST /api/users/login [32m200[0m 597.784 ms - 328[0m
[0mOPTIONS /api/document [32m204[0m 0.387 ms - 0[0m
[0mGET /api/document [36m304[0m 389.797 ms - -[0m
[0mGET /api/document [36m304[0m 6.122 ms - -[0m
[0mGET /api/document/thumbnail/632e3525493a0ce59fa5bc37 [32m200[0m 24891.362 ms - -[0m
[0mGET /api/document/thumbnail/632e2c3faf08be6443ee2d4a [32m200[0m 22637.035 ms - -[0m
[0mGET /api/document/thumbnail/632bcfb79711605d5f99c56e [32m200[0m 22587.356 ms - -[0m
[0mGET /api/document/thumbnail/632bd157887a12fec4d12498 [32m200[0m 22590.346 ms - -[0m
[0mOPTIONS /api/document [32m204[0m 3.475 ms - 0[0m
[0mOPTIONS /api/users/user [32m204[0m 0.509 ms - 0[0m
[0mOPTIONS /api/document [32m204[0m 0.479 ms - 0[0m
[0mOPTIONS /api/users/user [32m204[0m 0.240 ms - 0[0m
[0mGET /api/document [36m304[0m 506.542 ms - -[0m
[0mGET /api/users/user [36m304[0m 702.073 ms - -[0m
[0mGET /api/document [36m304[0m 12.318 ms - -[0m
[0mGET /api/users/user [36m304[0m 16.113 ms - -[0m
[0mGET /api/document/thumbnail/632e3525493a0ce59fa5bc37 [32m200[0m 9599.706 ms - -[0m
[0mGET /api/document/thumbnail/632e2c3faf08be6443ee2d4a [32m200[0m 9593.772 ms - -[0m
[0mGET /api/document/thumbnail/632bcfb79711605d5f99c56e [32m200[0m 9277.108 ms - -[0m
[0mGET /api/document/thumbnail/632bd157887a12fec4d12498 [32m200[0m 9657.313 ms - -[0m
[0mOPTIONS /api/users/register [32m204[0m 0.451 ms - 0[0m
[0mPOST /api/users/register [32m200[0m 2306.939 ms - 280[0m
[0mOPTIONS /api/document [32m204[0m 0.412 ms - 0[0m
[0mGET /api/document [36m304[0m 200.316 ms - -[0m
[0mGET /api/document [36m304[0m 12.461 ms - -[0m
[0mGET /api/document/thumbnail/632e3525493a0ce59fa5bc37 [32m200[0m 22486.104 ms - -[0m
[0mGET /api/document/thumbnail/632bcfb79711605d5f99c56e [32m200[0m 22482.459 ms - -[0m
[0mGET /api/document/thumbnail/632e2c3faf08be6443ee2d4a [32m200[0m 23256.973 ms - -[0m
[0mGET /api/document/thumbnail/632bd157887a12fec4d12498 [32m200[0m 22486.777 ms - -[0m
[0mOPTIONS /api/document [32m204[0m 0.276 ms - 0[0m
[0mGET /api/document [36m304[0m 37.503 ms - -[0m
[0mGET /api/document [36m304[0m 12.766 ms - -[0m
[0mGET /api/document/thumbnail/632e3525493a0ce59fa5bc37 [32m200[0m 2258.413 ms - -[0m
[0mGET /api/document/thumbnail/632e2c3faf08be6443ee2d4a [32m200[0m 2348.138 ms - -[0m
[0mGET /api/document/thumbnail/632bcfb79711605d5f99c56e [32m200[0m 2270.050 ms - -[0m
[0mGET /api/document/thumbnail/632bd157887a12fec4d12498 [32m200[0m 2646.085 ms - -[0m
[0mGET /api/document/632e3525493a0ce59fa5bc37 [32m200[0m 2746.708 ms - 459[0m
[0mOPTIONS /api/tags [32m204[0m 0.299 ms - 0[0m
[0mGET /api/tags [33m403[0m 87.807 ms - 49[0m
[0mGET /api/tags [33m403[0m 4.782 ms - 49[0m
[0mGET /api/tags [33m403[0m 60.715 ms - 26[0m
[0mOPTIONS /api/document/632e3525493a0ce59fa5bc37 [32m204[0m 4.075 ms - 0[0m
[0mPUT /api/document/632e3525493a0ce59fa5bc37 [33m403[0m 482.190 ms - 36[0m
[0mPUT /api/document/632e3525493a0ce59fa5bc37 [33m403[0m 1.485 ms - 36[0m
[0mOPTIONS /api/document/632e3525493a0ce59fa5bc37 [32m204[0m 0.459 ms - 0[0m
[0mPUT /api/document/632e3525493a0ce59fa5bc37 [33m403[0m 0.754 ms - 36[0m
[0mPUT /api/document/632e3525493a0ce59fa5bc37 [33m403[0m 1.029 ms - 36[0m
[0mOPTIONS /api/document/632e3525493a0ce59fa5bc37 [32m204[0m 0.342 ms - 0[0m
[0mPUT /api/document/632e3525493a0ce59fa5bc37 [33m403[0m 1.151 ms - 36[0m
[0mPUT /api/document/632e3525493a0ce59fa5bc37 [33m403[0m 0.880 ms - 36[0m
[0mOPTIONS /api/document [32m204[0m 0.340 ms - 0[0m
[0mOPTIONS /api/document [32m204[0m 0.975 ms - 0[0m
[0mGET /api/document [36m304[0m 32.803 ms - -[0m
[0mGET /api/document [36m304[0m 5.318 ms - -[0m
[0mGET /api/document/thumbnail/632e2c3faf08be6443ee2d4a [32m200[0m 5281.837 ms - -[0m
[0mGET /api/document/thumbnail/632bcfb79711605d5f99c56e [32m200[0m 5331.260 ms - -[0m
[0mGET /api/document/thumbnail/632e3525493a0ce59fa5bc37 [32m200[0m 5828.613 ms - -[0m
[0mGET /api/document/thumbnail/632bd157887a12fec4d12498 [32m200[0m 8370.438 ms - -[0m
[0mOPTIONS /api/users/login [32m204[0m 0.329 ms - 0[0m
[0mPOST /api/users/login [32m200[0m 239.494 ms - 321[0m
[0mOPTIONS /api/document/search/E [32m204[0m 0.817 ms - 0[0m
[0mOPTIONS /api/document/search/En [32m204[0m 0.221 ms - 0[0m
[0mGET /api/document/search/E [32m200[0m 158.148 ms - 1634[0m
[0mGET /api/document/search/En [32m200[0m 4.476 ms - 807[0m
[0mGET /api/document/search/E [36m304[0m 15.959 ms - -[0m
[0mGET /api/document/thumbnail/undefined [33m401[0m 12.976 ms - 28[0m
[0mOPTIONS /api/document/search/E [32m204[0m 0.308 ms - 0[0m
[0mGET /api/document/search/E [36m304[0m 4.453 ms - -[0m
[0mOPTIONS /api/document/search/En [32m204[0m 0.570 ms - 0[0m
[0mGET /api/document/search/En [36m304[0m 7.587 ms - -[0m
[0mGET /api/document/thumbnail/undefined [33m401[0m 1.519 ms - 28[0m
[0mOPTIONS /api/document/search/Eng [32m204[0m 0.267 ms - 0[0m
[0mOPTIONS /api/document/search/Engi [32m204[0m 0.254 ms - 0[0m
[0mGET /api/document/search/Engi [32m200[0m 3.874 ms - 2[0m
[0mOPTIONS /api/document/search/Engin [32m204[0m 0.414 ms - 0[0m
[0mGET /api/document/search/Engin [32m200[0m 3.039 ms - 2[0m
[0mGET /api/document/search/Eng [32m200[0m 3.010 ms - 2[0m
[0mOPTIONS /api/document/search/Engine [32m204[0m 0.300 ms - 0[0m
[0mGET /api/document/search/Engine [32m200[0m 5.146 ms - 2[0m
[0mGET /api/document/search/Engi [36m304[0m 3.188 ms - -[0m
[0mGET /api/document/search/Engin [36m304[0m 5.857 ms - -[0m
[0mOPTIONS /api/document/search/Eng [32m204[0m 0.271 ms - 0[0m
[0mGET /api/document/search/Eng [36m304[0m 4.221 ms - -[0m
[0mOPTIONS /api/document/search/En [32m204[0m 0.262 ms - 0[0m
[0mGET /api/document/search/En [36m304[0m 13.379 ms - -[0m
[0mGET /api/document/thumbnail/undefined [33m401[0m 2.320 ms - 28[0m
[0mOPTIONS /api/document/search/E [32m204[0m 0.386 ms - 0[0m
[0mGET /api/document/search/E [36m304[0m 3.631 ms - -[0m
[0mGET /api/document/thumbnail/undefined [33m401[0m 1.740 ms - 28[0m
[0mOPTIONS /api/document/search/n [32m204[0m 0.215 ms - 0[0m
[0mGET /api/document/search/n [32m200[0m 3.734 ms - 1634[0m
[0mOPTIONS /api/document/search/ne [32m204[0m 1.185 ms - 0[0m
[0mGET /api/document/search/ne [32m200[0m 5.901 ms - 401[0m
[0mOPTIONS /api/document/search/ner [32m204[0m 0.349 ms - 0[0m
[0mGET /api/document/search/ner [32m200[0m 4.599 ms - 401[0m
[0mGET /api/document/search/ne [36m304[0m 7.818 ms - -[0m
[0mGET /api/document/search/n [36m304[0m 12.313 ms - -[0m
[0mGET /api/document/thumbnail/undefined [33m401[0m 1.945 ms - 28[0m
[0mGET /api/document/thumbnail/undefined [33m401[0m 2.193 ms - 28[0m
[0mOPTIONS /api/document/search/f [32m204[0m 0.499 ms - 0[0m
[0mGET /api/document/search/f [32m200[0m 9.638 ms - 788[0m
[0mOPTIONS /api/document/search/fi [32m204[0m 0.350 ms - 0[0m
[0mGET /api/document/search/fi [32m200[0m 3.584 ms - 382[0m
[0mOPTIONS /api/document/search/fin [32m204[0m 0.247 ms - 0[0m
[0mGET /api/document/search/fin [32m200[0m 3.959 ms - 382[0m
[0mOPTIONS /api/document/search/fina [32m204[0m 0.361 ms - 0[0m
[0mGET /api/document/search/fina [32m200[0m 3.540 ms - 382[0m
[0mOPTIONS /api/document/search/final [32m204[0m 0.191 ms - 0[0m
[0mGET /api/document/search/final [32m200[0m 3.241 ms - 382[0m
[0mOPTIONS /api/document/search/fina [32m204[0m 0.303 ms - 0[0m
[0mOPTIONS /api/document/search/fin [32m204[0m 0.264 ms - 0[0m
[0mOPTIONS /api/document/search/fi [32m204[0m 0.256 ms - 0[0m
[0mOPTIONS /api/document/search/f [32m204[0m 0.462 ms - 0[0m
[0mGET /api/document/search/fina [36m304[0m 10.962 ms - -[0m
[0mGET /api/document/search/fin [36m304[0m 14.494 ms - -[0m
[0mGET /api/document/search/f [36m304[0m 17.902 ms - -[0m
[0mGET /api/document/thumbnail/undefined [33m401[0m 3.075 ms - 28[0m
[0mGET /api/document/search/fi [36m304[0m 4.770 ms - -[0m
[0mOPTIONS /api/document [32m204[0m 0.287 ms - 0[0m
[0mOPTIONS /api/users/user [32m204[0m 0.281 ms - 0[0m
[0mOPTIONS /api/users/user [32m204[0m 0.258 ms - 0[0m
[0mGET /api/document [36m304[0m 6.764 ms - -[0m
[0mGET /api/document [36m304[0m 6.050 ms - -[0m
[0mGET /api/users/user [33m403[0m 0.859 ms - 36[0m
[0mGET /api/users/user [33m403[0m 1.191 ms - 36[0m
[0mGET /api/document/thumbnail/632bcfb79711605d5f99c56e [32m200[0m 6461.855 ms - -[0m
[0mGET /api/document/thumbnail/632e3525493a0ce59fa5bc37 [32m200[0m 6453.527 ms - -[0m
[0mGET /api/document/thumbnail/632e2c3faf08be6443ee2d4a [32m200[0m 6329.026 ms - -[0m
[0mGET /api/document/thumbnail/632bd157887a12fec4d12498 [32m200[0m 6511.931 ms - -[0m
[0mOPTIONS /api/document/search/H [32m204[0m 0.229 ms - 0[0m
[0mOPTIONS /api/document/search/He [32m204[0m 0.408 ms - 0[0m
[0mGET /api/document/search/H [32m200[0m 6.772 ms - 847[0m
[0mGET /api/document/search/H [36m304[0m 18.312 ms - -[0m
[0mGET /api/document/search/He [32m200[0m 11.130 ms - 2[0m
[0mOPTIONS /api/document/search/E [32m204[0m 0.235 ms - 0[0m
[0mGET /api/document/search/E [36m304[0m 3.919 ms - -[0m
[0mGET /api/document/thumbnail/undefined [33m401[0m 1.748 ms - 28[0m
[0mOPTIONS /api/document/search/R [32m204[0m 0.307 ms - 0[0m
[0mGET /api/document/search/R [32m200[0m 9.676 ms - 1228[0m
[0mOPTIONS /api/document/search/Re [32m204[0m 0.490 ms - 0[0m
[0mGET /api/document/search/Re [32m200[0m 6.611 ms - 2[0m
[0mGET /api/document/search/R [36m304[0m 11.059 ms - -[0m
[0mGET /api/document/thumbnail/undefined [33m401[0m 1.831 ms - 28[0m
[0mOPTIONS /api/document/search/f [32m204[0m 0.395 ms - 0[0m
[0mGET /api/document/search/f [36m304[0m 9.351 ms - -[0m
[0mOPTIONS /api/document/search/fi [32m204[0m 0.483 ms - 0[0m
[0mGET /api/document/search/fi [36m304[0m 3.914 ms - -[0m
[0mOPTIONS /api/document/search/fin [32m204[0m 0.237 ms - 0[0m
[0mGET /api/document/search/fin [36m304[0m 2.799 ms - -[0m
[0mGET /api/document/search/fi [36m304[0m 2.903 ms - -[0m
[0mGET /api/document/search/f [36m304[0m 5.257 ms - -[0m
[0mGET /api/document/thumbnail/undefined [33m401[0m 1.598 ms - 28[0m
[0mGET /api/document/search/f [36m304[0m 3.854 ms - -[0m
[0mGET /api/document/search/fi [36m304[0m 4.069 ms - -[0m
[0mGET /api/document/search/fin [36m304[0m 2.876 ms - -[0m
[0mOPTIONS /api/document/search/fina [32m204[0m 0.316 ms - 0[0m
[0mGET /api/document/search/fina [36m304[0m 3.981 ms - -[0m
[0mOPTIONS /api/document/search/final [32m204[0m 0.327 ms - 0[0m
[0mGET /api/document/search/fina [36m304[0m 7.311 ms - -[0m
[0mGET /api/document/search/fin [36m304[0m 6.585 ms - -[0m
[0mGET /api/document/search/final [36m304[0m 4.491 ms - -[0m
[0mOPTIONS /api/document/search/fi [32m204[0m 0.401 ms - 0[0m
[0mGET /api/document/search/fi [36m304[0m 5.766 ms - -[0m
[0mOPTIONS /api/document/search/f [32m204[0m 0.253 ms - 0[0m
[0mGET /api/document/search/f [36m304[0m 3.923 ms - -[0m
[0mGET /api/document/thumbnail/undefined [33m401[0m 1.382 ms - 28[0m
[0mOPTIONS /api/document/search/S [32m204[0m 0.278 ms - 0[0m
[0mGET /api/document/search/S [32m200[0m 4.071 ms - 853[0m
[0mGET /api/document/thumbnail/undefined [33m401[0m 1.095 ms - 28[0m
[0mOPTIONS /api/document/search/M [32m204[0m 0.349 ms - 0[0m
[0mGET /api/document/thumbnail/undefined [33m401[0m 1.149 ms - 28[0m
[0mGET /api/document/search/M [32m200[0m 4.617 ms - 853[0m
[0mOPTIONS /api/document/search/m [32m204[0m 0.199 ms - 0[0m
[0mGET /api/document/search/m [32m200[0m 4.593 ms - 853[0m
[0mGET /api/document/thumbnail/undefined [33m401[0m 1.150 ms - 28[0m
[0mOPTIONS /api/document/search/f [32m204[0m 0.541 ms - 0[0m
[0mGET /api/document/search/f [36m304[0m 4.579 ms - -[0m
[0mGET /api/document/thumbnail/undefined [33m401[0m 1.438 ms - 28[0m
[0mOPTIONS /api/document/search/t [32m204[0m 0.290 ms - 0[0m
[0mGET /api/document/search/t [32m200[0m 3.666 ms - 1634[0m
[0mGET /api/document/thumbnail/undefined [33m401[0m 2.692 ms - 28[0m
[0mOPTIONS /api/document/search/g [32m204[0m 0.215 ms - 0[0m
[0mGET /api/document/search/g [32m200[0m 5.611 ms - 847[0m
[0mGET /api/document/thumbnail/undefined [33m401[0m 1.878 ms - 28[0m
[0mGET /api/document/search/f [36m304[0m 35.460 ms - -[0m
[0mOPTIONS /api/document/search/fi [32m204[0m 0.702 ms - 0[0m
[0mGET /api/document/search/fi [36m304[0m 3.533 ms - -[0m
[0mOPTIONS /api/document/search/fin [32m204[0m 0.285 ms - 0[0m
[0mGET /api/document/search/fin [36m304[0m 5.178 ms - -[0m
[0mOPTIONS /api/document/search/fina [32m204[0m 0.250 ms - 0[0m
[0mGET /api/document/search/fina [36m304[0m 3.523 ms - -[0m
[0mGET /api/document/search/fin [36m304[0m 4.145 ms - -[0m
[0mGET /api/document/search/fi [36m304[0m 3.550 ms - -[0m
[0mGET /api/document/search/f [36m304[0m 4.630 ms - -[0m
[0mGET /api/document/thumbnail/undefined [33m401[0m 2.877 ms - 28[0m
[0mGET /api/document/thumbnail/632e3525493a0ce59fa5bc37 [32m200[0m 1286.532 ms - -[0m
[0mOPTIONS /api/document/search/f [32m204[0m 0.408 ms - 0[0m
[0mGET /api/document/search/f [36m304[0m 5.801 ms - -[0m
[0mGET /api/document/thumbnail/632bcfb79711605d5f99c56e [32m200[0m 2095.804 ms - -[0m
[0mOPTIONS /api/document/search/fi [32m204[0m 0.248 ms - 0[0m
[0mGET /api/document/search/fi [36m304[0m 5.715 ms - -[0m
[0mOPTIONS /api/document/search/fin [32m204[0m 0.314 ms - 0[0m
[0mGET /api/document/search/fin [36m304[0m 6.139 ms - -[0m
[0mGET /api/document/search/fi [36m304[0m 2.882 ms - -[0m
[0mGET /api/document/search/f [36m304[0m 2.875 ms - -[0m
[0mOPTIONS /api/document/search/f [32m204[0m 0.279 ms - 0[0m
[0mGET /api/document/search/f [36m304[0m 3.307 ms - -[0m
[0mOPTIONS /api/document/search/S [32m204[0m 0.324 ms - 0[0m
[0mGET /api/document/search/S [36m304[0m 4.398 ms - -[0m
[0mOPTIONS /api/document/search/SR [32m204[0m 0.410 ms - 0[0m
[0mGET /api/document/search/SR [32m200[0m 3.010 ms - 2[0m
[0mGET /api/document/search/S [36m304[0m 2.892 ms - -[0m
[0mGET /api/document/search/S [36m304[0m 6.263 ms - -[0m
[0mOPTIONS /api/document/search/e [32m204[0m 0.194 ms - 0[0m
[0mGET /api/document/search/e [32m200[0m 8.468 ms - 1634[0m
[0mGET /api/document/thumbnail/632bd157887a12fec4d12498 [32m200[0m 3709.259 ms - -[0m
[0mGET /api/document/thumbnail/632e2c3faf08be6443ee2d4a [32m200[0m 2166.542 ms - -[0m
[0mOPTIONS /api/document/search/en [32m204[0m 0.331 ms - 0[0m
[0mGET /api/document/search/en [32m200[0m 5.217 ms - 807[0m
[0mOPTIONS /api/document/search/e [32m204[0m 0.246 ms - 0[0m
[0mGET /api/document/search/e [36m304[0m 5.602 ms - -[0m
[0mOPTIONS /api/document/search/e [32m204[0m 0.209 ms - 0[0m
[0mGET /api/document/search/e [36m304[0m 3.783 ms - -[0m
[0mOPTIONS /api/document/search/f [32m204[0m 0.177 ms - 0[0m
[0mGET /api/document/search/f [36m304[0m 2.607 ms - -[0m
[0mOPTIONS /api/document/search/fi [32m204[0m 0.370 ms - 0[0m
[0mGET /api/document/search/fi [36m304[0m 3.919 ms - -[0m
[0mOPTIONS /api/document/search/fin [32m204[0m 0.321 ms - 0[0m
[0mGET /api/document/search/fin [36m304[0m 3.307 ms - -[0m
[0mOPTIONS /api/document/search/fina [32m204[0m 0.206 ms - 0[0m
[0mGET /api/document/search/fina [36m304[0m 2.869 ms - -[0m
[0mGET /api/document/search/fin [36m304[0m 3.006 ms - -[0m
[0mGET /api/document/search/fi [36m304[0m 3.042 ms - -[0m
[0mGET /api/document/search/f [36m304[0m 3.494 ms - -[0m
[0mOPTIONS /api/document/search/r [32m204[0m 0.282 ms - 0[0m
[0mGET /api/document/search/r [32m200[0m 3.868 ms - 1228[0m
[0mOPTIONS /api/document/search/f [32m204[0m 0.298 ms - 0[0m
[0mGET /api/document/search/f [36m304[0m 18.424 ms - -[0m
[0mGET /api/document/thumbnail/632bcfb79711605d5f99c56e [32m200[0m 1012.247 ms - -[0m
[0mGET /api/document/thumbnail/632e2c3faf08be6443ee2d4a [32m200[0m 1042.796 ms - -[0m
[0mGET /api/document/thumbnail/632bd157887a12fec4d12498 [32m200[0m 1539.760 ms - -[0m
[0mOPTIONS /api/document/search/fi [32m204[0m 0.317 ms - 0[0m
[0mGET /api/document/search/fi [36m304[0m 9.110 ms - -[0m
[0mOPTIONS /api/document/search/fin [32m204[0m 0.196 ms - 0[0m
[0mGET /api/document/search/fin [36m304[0m 4.523 ms - -[0m
[0mOPTIONS /api/document/search/fina [32m204[0m 3.035 ms - 0[0m
[0mGET /api/document/search/fina [36m304[0m 9.118 ms - -[0m
[0mOPTIONS /api/document/search/fin [32m204[0m 0.219 ms - 0[0m
[0mGET /api/document/search/fin [36m304[0m 3.032 ms - -[0m
[0mOPTIONS /api/document/search/fi [32m204[0m 0.343 ms - 0[0m
[0mGET /api/document/search/fi [36m304[0m 4.863 ms - -[0m
[0mOPTIONS /api/document/search/f [32m204[0m 0.190 ms - 0[0m
[0mGET /api/document/search/f [36m304[0m 3.024 ms - -[0m
[0mGET /api/document/search/f [36m304[0m 7.552 ms - -[0m
[0mGET /api/document/thumbnail/632e3525493a0ce59fa5bc37 [32m200[0m 2141.899 ms - -[0m
[0mOPTIONS /api/document/search/s [32m204[0m 0.590 ms - 0[0m
[0mGET /api/document/search/s [32m200[0m 4.177 ms - 853[0m
[0mOPTIONS /api/document/search/e [32m204[0m 0.214 ms - 0[0m
[0mGET /api/document/search/e [36m304[0m 4.185 ms - -[0m
[0mOPTIONS /api/document/search/e [32m204[0m 0.352 ms - 0[0m
[0mGET /api/document/search/e [36m304[0m 7.314 ms - -[0m
[0mOPTIONS /api/document/search/en [32m204[0m 0.342 ms - 0[0m
[0mGET /api/document/search/en [36m304[0m 5.185 ms - -[0m
[0mOPTIONS /api/document/search/eng [32m204[0m 0.347 ms - 0[0m
[0mGET /api/document/search/eng [32m200[0m 2.901 ms - 2[0m
[0mOPTIONS /api/document/search/engi [32m204[0m 0.175 ms - 0[0m
[0mGET /api/document/search/engi [32m200[0m 2.334 ms - 2[0m
[0mOPTIONS /api/document/search/engin [32m204[0m 0.306 ms - 0[0m
[0mGET /api/document/search/engin [32m200[0m 4.727 ms - 2[0m
[0mOPTIONS /api/document/search/engine [32m204[0m 0.195 ms - 0[0m
[0mGET /api/document/search/engine [32m200[0m 3.969 ms - 2[0m
[0mOPTIONS /api/document/search/enginee [32m204[0m 0.338 ms - 0[0m
[0mGET /api/document/search/enginee [32m200[0m 2.994 ms - 2[0m
[0mOPTIONS /api/document/search/engineer [32m204[0m 0.318 ms - 0[0m
[0mGET /api/document/search/engineer [32m200[0m 4.158 ms - 2[0m
[0mOPTIONS /api/document/search/engineerd [32m204[0m 0.311 ms - 0[0m
[0mGET /api/document/search/engineerd [32m200[0m 2.808 ms - 2[0m
[0mGET /api/document/search/engineer [36m304[0m 2.479 ms - -[0m
[0mOPTIONS /api/document/search/enginee [32m204[0m 0.258 ms - 0[0m
[0mOPTIONS /api/document/search/engine [32m204[0m 0.339 ms - 0[0m
[0mOPTIONS /api/document/search/engin [32m204[0m 0.282 ms - 0[0m
[0mGET /api/document/search/engin [36m304[0m 2.680 ms - -[0m
[0mOPTIONS /api/document/search/engi [32m204[0m 0.307 ms - 0[0m
[0mOPTIONS /api/document/search/eng [32m204[0m 0.303 ms - 0[0m
[0mOPTIONS /api/document/search/en [32m204[0m 0.209 ms - 0[0m
[0mOPTIONS /api/document/search/e [32m204[0m 0.214 ms - 0[0m
[0mGET /api/document/search/engine [36m304[0m 15.353 ms - -[0m
[0mGET /api/document/search/eng [36m304[0m 12.405 ms - -[0m
[0mGET /api/document/search/en [36m304[0m 13.851 ms - -[0m
[0mGET /api/document/search/e [36m304[0m 16.159 ms - -[0m
[0mGET /api/document/search/engi [36m304[0m 14.160 ms - -[0m
[0mGET /api/document/search/enginee [36m304[0m 29.765 ms - -[0m
[0mOPTIONS /api/document/search/f [32m204[0m 0.212 ms - 0[0m
[0mGET /api/document/search/f [36m304[0m 4.079 ms - -[0m
[0mOPTIONS /api/document/search/fi [32m204[0m 0.307 ms - 0[0m
[0mGET /api/document/search/fi [36m304[0m 6.261 ms - -[0m
[0mOPTIONS /api/document/search/fin [32m204[0m 0.352 ms - 0[0m
[0mGET /api/document/search/fin [36m304[0m 3.699 ms - -[0m
[0mOPTIONS /api/document/search/fina [32m204[0m 0.313 ms - 0[0m
[0mGET /api/document/search/fina [36m304[0m 5.032 ms - -[0m
[0mOPTIONS /api/document/search/final [32m204[0m 0.320 ms - 0[0m
[0mGET /api/document/search/final [36m304[0m 8.570 ms - -[0m
[0mGET /api/document/search/fina [36m304[0m 3.121 ms - -[0m
[0mOPTIONS /api/document/search/fin [32m204[0m 0.276 ms - 0[0m
[0mGET /api/document/search/fin [36m304[0m 3.488 ms - -[0m
[0mOPTIONS /api/document/search/fi [32m204[0m 0.325 ms - 0[0m
[0mGET /api/document/search/fi [36m304[0m 5.617 ms - -[0m
[0mOPTIONS /api/document/search/f [32m204[0m 0.301 ms - 0[0m
[0mGET /api/document/search/f [36m304[0m 5.039 ms - -[0m
[0mGET /api/document/thumbnail/632e3525493a0ce59fa5bc37 [32m200[0m 1495.475 ms - -[0m
[0mGET /api/document/thumbnail/632bcfb79711605d5f99c56e [32m200[0m 1619.017 ms - -[0m
[0mOPTIONS /api/document/search/d [32m204[0m 0.858 ms - 0[0m
[0mGET /api/document/search/d [32m200[0m 20.972 ms - 853[0m
[0mOPTIONS /api/document/search/m [32m204[0m 1.594 ms - 0[0m
[0mGET /api/document/search/m [36m304[0m 6.448 ms - -[0m
[0mOPTIONS /api/document/search/ma [32m204[0m 0.317 ms - 0[0m
[0mGET /api/document/search/ma [32m200[0m 8.122 ms - 447[0m
[0mGET /api/document/thumbnail/632bd157887a12fec4d12498 [32m200[0m 4030.708 ms - -[0m
[0mGET /api/document/thumbnail/632e2c3faf08be6443ee2d4a [32m200[0m 663.171 ms - -[0m
[0mOPTIONS /api/document/search/f [32m204[0m 0.301 ms - 0[0m
[0mGET /api/document/search/f [36m304[0m 6.479 ms - -[0m
[0mGET /api/document/search/f [36m304[0m 4.042 ms - -[0m
